This is pdfeTeX, Version 3.141592-1.21a-2.2 (Web2C 7.5.4) (format=pdflatex 2012.8.24)  26 JUN 2013 10:47
entering extended mode
**scUpdate
(./scUpdate.tex
LaTeX2e <2003/12/01>
Babel <v3.8d> and hyphenation patterns for american, french, german, ngerman, b
ahasa, basque, bulgarian, catalan, croatian, czech, danish, dutch, esperanto, e
stonian, finnish, greek, icelandic, irish, italian, latin, magyar, norsk, polis
h, portuges, romanian, russian, serbian, slovak, slovene, spanish, swedish, tur
kish, ukrainian, nohyphenation, loaded.
(/astro/net/tex/texmf/tex/latex/misc/aastex.cls
Document Class: aastex 2003/12/12 5.2/AAS markup document class
Class aastex Info: Original \LaTeX2.09 style by Chris Biemesderfer (chris@seago
at.com). Adapted to \LaTeXe by A. Ogawa (ogawa@teleport.com) on input line 74.
(/usr/share/texmf/tex/latex/base/article.cls
Document Class: article 2004/02/16 v1.4f Standard LaTeX document class
(/usr/share/texmf/tex/latex/base/size12.clo
File: size12.clo 2004/02/16 v1.4f Standard LaTeX file (size option)
)
\c@part=\count79
\c@section=\count80
\c@subsection=\count81
\c@subsubsection=\count82
\c@paragraph=\count83
\c@subparagraph=\count84
\c@figure=\count85
\c@table=\count86
\abovecaptionskip=\skip41
\belowcaptionskip=\skip42
\bibindent=\dimen102
)
(/usr/share/texmf/tex/latex/base/latexsym.sty
Package: latexsym 1998/08/17 v2.2e Standard LaTeX package (lasy symbols)
\symlasy=\mathgroup4
LaTeX Font Info:    Overwriting symbol font `lasy' in version `bold'
(Font)                  U/lasy/m/n --> U/lasy/b/n on input line 47.
)
(/usr/share/texmf/tex/latex/graphics/graphicx.sty
Package: graphicx 1999/02/16 v1.0f Enhanced LaTeX Graphics (DPC,SPQR)

(/usr/share/texmf/tex/latex/graphics/keyval.sty
Package: keyval 1999/03/16 v1.13 key=value parser (DPC)
\KV@toks@=\toks14
)
(/usr/share/texmf/tex/latex/graphics/graphics.sty
Package: graphics 2001/07/07 v1.0n Standard LaTeX Graphics (DPC,SPQR)

(/usr/share/texmf/tex/latex/graphics/trig.sty
Package: trig 1999/03/16 v1.09 sin cos tan (DPC)
)
(/usr/share/texmf/tex/latex/graphics/graphics.cfg
File: graphics.cfg 2005/02/03 v1.3 graphics configuration of teTeX/TeXLive
)
Package graphics Info: Driver file: pdftex.def on input line 80.

(/usr/share/texmf/tex/latex/graphics/pdftex.def
File: pdftex.def 2002/06/19 v0.03k graphics/color for pdftex
\Gread@gobject=\count87
))
\Gin@req@height=\dimen103
\Gin@req@width=\dimen104
)
(/usr/share/texmf/tex/latex/amsfonts/amssymb.sty
Package: amssymb 2002/01/22 v2.2d

(/usr/share/texmf/tex/latex/amsfonts/amsfonts.sty
Package: amsfonts 2001/10/25 v2.2f
\@emptytoks=\toks15
\symAMSa=\mathgroup5
\symAMSb=\mathgroup6
LaTeX Font Info:    Overwriting math alphabet `\mathfrak' in version `bold'
(Font)                  U/euf/m/n --> U/euf/b/n on input line 132.
))
(/astro/net/tex/texmf/tex/latex/misc/natbib.sty
Package: natbib 2003/06/06 7.1 (PWD)
\bibhang=\skip43
\bibsep=\skip44
LaTeX Info: Redefining \cite on input line 518.
\c@NAT@ctr=\count88
)
(/usr/share/texmf/tex/latex/tools/verbatim.sty
Package: verbatim 2003/08/22 v1.5q LaTeX2e package for verbatim enhancements
\every@verbatim=\toks16
\verbatim@line=\toks17
\verbatim@in@stream=\read1
)
\@slugcmmntwidth=\dimen105
\abstract@box=\box26
\c@editornote=\count89
\c@cureqno=\count90
\tnotemarkskip=\skip45
\@abovenoteskip=\dimen106
\pt@box=\box27
\pt@width=\dimen107
\pt@line=\count91
\pt@column=\count92
\pt@nlines=\count93
\pt@ncol=\count94
\pt@page=\count95
\tabbaseskip=\dimen108
\pt@tmpcapwidth=\dimen109
\spew@tblnotesbox=\box28
\restof@tblnotesbox=\box29
\noteheight=\dimen110
\pt@tabnoteminht=\dimen111
\firsttabskip=\dimen112
\captionbox=\box30
\pt@reduceline=\dimen113
\extra@vspace=\dimen114
\c@plate=\count96
\my@footins=\box31
)
(/usr/share/texmf/tex/latex/url/url.sty
\Urlmuskip=\muskip10
Package: url 2004/03/15  ver 3.1  Verb mode for urls, etc.
)
(/usr/share/texmf/tex/latex/subfigure/subfigure.sty
Package: subfigure 2002/07/30 v2.1.4 subfigure package
\subfigtopskip=\skip46
\subfigcapskip=\skip47
\subfigcaptopadj=\dimen115
\subfigbottomskip=\skip48
\subfigcapmargin=\dimen116
\subfiglabelskip=\skip49
\c@subfigure=\count97
\c@lofdepth=\count98
\c@subtable=\count99
\c@lotdepth=\count100

****************************************
* Local config file subfigure.cfg used *
****************************************
(/usr/share/texmf/tex/latex/subfigure/subfigure.cfg)
\subfig@top=\skip50
\subfig@bottom=\skip51
) (./scUpdate.aux)
\openout1 = `scUpdate.aux'.

LaTeX Font Info:    Checking defaults for OML/cmm/m/it on input line 19.
LaTeX Font Info:    ... okay on input line 19.
LaTeX Font Info:    Checking defaults for T1/cmr/m/n on input line 19.
LaTeX Font Info:    ... okay on input line 19.
LaTeX Font Info:    Checking defaults for OT1/cmr/m/n on input line 19.
LaTeX Font Info:    ... okay on input line 19.
LaTeX Font Info:    Checking defaults for OMS/cmsy/m/n on input line 19.
LaTeX Font Info:    ... okay on input line 19.
LaTeX Font Info:    Checking defaults for OMX/cmex/m/n on input line 19.
LaTeX Font Info:    ... okay on input line 19.
LaTeX Font Info:    Checking defaults for U/cmr/m/n on input line 19.
LaTeX Font Info:    ... okay on input line 19.

(/usr/share/texmf/tex/context/base/supp-pdf.tex
(/usr/share/texmf/tex/context/base/supp-mis.tex
loading : Context Support Macros / Miscellaneous (2004.10.26)
\protectiondepth=\count101
\scratchcounter=\count102
\scratchtoks=\toks18
\scratchdimen=\dimen117
\scratchskip=\skip52
\scratchmuskip=\muskip11
\scratchbox=\box32
\scratchread=\read2
\scratchwrite=\write3
\zeropoint=\dimen118
\onepoint=\dimen119
\onebasepoint=\dimen120
\minusone=\count103
\thousandpoint=\dimen121
\onerealpoint=\dimen122
\emptytoks=\toks19
\nextbox=\box33
\nextdepth=\dimen123
\everyline=\toks20
\!!counta=\count104
\!!countb=\count105
\recursecounter=\count106
)
loading : Context Support Macros / PDF (2004.03.26)
\nofMPsegments=\count107
\nofMParguments=\count108
\MPscratchCnt=\count109
\MPscratchDim=\dimen124
\MPnumerator=\count110
\everyMPtoPDFconversion=\toks21
)
AAS preprint substyle, v5.2 <12 Dec 2003>.
LaTeX Font Info:    Try loading font information for U+lasy on input line 50.
(/usr/share/texmf/tex/latex/base/ulasy.fd
File: ulasy.fd 1998/08/17 v2.2e LaTeX symbol font definitions
)
LaTeX Font Info:    Try loading font information for U+msa on input line 50.

(/usr/share/texmf/tex/latex/amsfonts/umsa.fd
File: umsa.fd 2002/01/19 v2.2g AMS font definitions
)
LaTeX Font Info:    Try loading font information for U+msb on input line 50.

(/usr/share/texmf/tex/latex/amsfonts/umsb.fd
File: umsb.fd 2002/01/19 v2.2g AMS font definitions
) [1

{/usr/share/texmf-var/fonts/map/pdftex/updmap/pdftex.map}]
Plottwo included the files Plots/r_1e6/GFdensity.png Plots/r_1e6/GFwddensity.pn
g
<Plots/r_1e6/GFdensity.png, id=17, 578.16pt x 433.62pt>
File: Plots/r_1e6/GFdensity.png Graphic file (type png)

<use Plots/r_1e6/GFdensity.png>
<Plots/r_1e6/GFwddensity.png, id=18, 578.16pt x 433.62pt>
File: Plots/r_1e6/GFwddensity.png Graphic file (type png)

<use Plots/r_1e6/GFwddensity.png>
Plottwo included the files Plots/r_1e6/GFbhbdensity.png Plots/r_1e6/GFcolor.png

<Plots/r_1e6/GFbhbdensity.png, id=19, 578.16pt x 433.62pt>
File: Plots/r_1e6/GFbhbdensity.png Graphic file (type png)

<use Plots/r_1e6/GFbhbdensity.png>
<Plots/r_1e6/GFcolor.png, id=20, 578.16pt x 433.62pt>
File: Plots/r_1e6/GFcolor.png Graphic file (type png)

<use Plots/r_1e6/GFcolor.png> [2] [3 <./Plots/r_1e6/GFdensity.png> <./Plots/r_1
e6/GFwddensity.png> <./Plots/r_1e6/GFbhbdensity.png> <./Plots/r_1e6/GFcolor.png
>]
LaTeX Font Info:    Try loading font information for OMS+cmr on input line 119.

 (/usr/share/texmf/tex/latex/base/omscmr.fd
File: omscmr.fd 1999/05/25 v2.5h Standard LaTeX font definitions
)
LaTeX Font Info:    Font shape `OMS/cmr/m/n' in size <12> not available
(Font)              Font shape `OMS/cmsy/m/n' tried instead on input line 119.

Overfull \hbox (47.52893pt too wide) detected at line 136
 [] 
 []

Page 1 of table 2 has been set to width 517.28392pt with 34 lines per page 

Overfull \hbox (469.75499pt too wide) in paragraph at lines 127--137
 [][][] 
 []

[4] [5]
Plotone included the file Plots/cloud.png
<Plots/cloud.png, id=60, 578.16pt x 433.62pt>
File: Plots/cloud.png Graphic file (type png)
 <use Plots/cloud.png>
Plottwo included the files Plots/u_band/input_illum_err.png Plots/r_band/input_
illum_err.png
<Plots/u_band/input_illum_err.png, id=61, 578.16pt x 433.62pt>
File: Plots/u_band/input_illum_err.png Graphic file (type png)

<use Plots/u_band/input_illum_err.png>
<Plots/r_band/input_illum_err.png, id=62, 578.16pt x 433.62pt>
File: Plots/r_band/input_illum_err.png Graphic file (type png)

<use Plots/r_band/input_illum_err.png> [6] [7 <./Plots/cloud.png>] [8] [9]
Plottwo included the files Plots/HPid_8.png Plots/HPid_16.png
<Plots/HPid_8.png, id=76, 578.16pt x 433.62pt>
File: Plots/HPid_8.png Graphic file (type png)
 <use Plots/HPid_8.png>
<Plots/HPid_16.png, id=77, 578.16pt x 433.62pt>
File: Plots/HPid_16.png Graphic file (type png)
 <use Plots/HPid_16.png>
Plottwo included the files Plots/r_1e6_regsolver/Sdmag.png Plots/r_1e6/Sdmag.pn
g
<Plots/r_1e6_regsolver/Sdmag.png, id=78, 578.16pt x 433.62pt>
File: Plots/r_1e6_regsolver/Sdmag.png Graphic file (type png)

<use Plots/r_1e6_regsolver/Sdmag.png>
<Plots/r_1e6/Sdmag.png, id=79, 578.16pt x 433.62pt>
File: Plots/r_1e6/Sdmag.png Graphic file (type png)

<use Plots/r_1e6/Sdmag.png>
Plottwo included the files Plots/r_1e6_regsolver/Sdamg_hist.png Plots/r_1e6/Sda
mg_hist.png
<Plots/r_1e6_regsolver/Sdamg_hist.png, id=80, 578.16pt x 433.62pt>
File: Plots/r_1e6_regsolver/Sdamg_hist.png Graphic file (type png)

<use Plots/r_1e6_regsolver/Sdamg_hist.png>
<Plots/r_1e6/Sdamg_hist.png, id=81, 578.16pt x 433.62pt>
File: Plots/r_1e6/Sdamg_hist.png Graphic file (type png)

<use Plots/r_1e6/Sdamg_hist.png>
Plottwo included the files Plots/r_1e6/Snobs.png Plots/r_1e6_nodither/Snobs.png

<Plots/r_1e6/Snobs.png, id=82, 578.16pt x 433.62pt>
File: Plots/r_1e6/Snobs.png Graphic file (type png)

<use Plots/r_1e6/Snobs.png>
<Plots/r_1e6_nodither/Snobs.png, id=83, 578.16pt x 433.62pt>
File: Plots/r_1e6_nodither/Snobs.png Graphic file (type png)

<use Plots/r_1e6_nodither/Snobs.png>
Plottwo included the files Plots/r_1e6/Sdmag.png Plots/r_1e6_nodither/Sdmag.png

File: Plots/r_1e6/Sdmag.png Graphic file (type png)
<use Plots/r_1e6/Sdmag.png>
<Plots/r_1e6_nodither/Sdmag.png, id=84, 578.16pt x 433.62pt>
File: Plots/r_1e6_nodither/Sdmag.png Graphic file (type png)

<use Plots/r_1e6_nodither/Sdmag.png>
Plottwo included the files Plots/r_1e6/Sdamg_hist.png Plots/r_1e6_nodither/Sdam
g_hist.png
File: Plots/r_1e6/Sdamg_hist.png Graphic file (type png)
<use Plots/r_1e6/Sdamg_hist.png>
<Plots/r_1e6_nodither/Sdamg_hist.png, id=85, 578.16pt x 433.62pt>
File: Plots/r_1e6_nodither/Sdamg_hist.png Graphic file (type png)

<use Plots/r_1e6_nodither/Sdamg_hist.png>

LaTeX Warning: Float too large for page by 10.81366pt on input line 365.

[10] [11 <./Plots/u_band/input_illum_err.png> <./Plots/r_band/input_illum_err.p
ng> <./Plots/HPid_8.png> <./Plots/HPid_16.png>] [12 <./Plots/r_1e6_regsolver/Sd
mag.png> <./Plots/r_1e6/Sdmag.png> <./Plots/r_1e6_regsolver/Sdamg_hist.png> <./
Plots/r_1e6/Sdamg_hist.png>] [13 <./Plots/r_1e6/Snobs.png> <./Plots/r_1e6_nodit
her/Snobs.png> <./Plots/r_1e6_nodither/Sdmag.png> <./Plots/r_1e6_nodither/Sdamg
_hist.png>] [14]
Plottwo included the files Plots/r_1e6/Snobs.png Plots/r_1e6/Snobs_hist.png
File: Plots/r_1e6/Snobs.png Graphic file (type png)
<use Plots/r_1e6/Snobs.png>
<Plots/r_1e6/Snobs_hist.png, id=102, 578.16pt x 433.62pt>
File: Plots/r_1e6/Snobs_hist.png Graphic file (type png)

<use Plots/r_1e6/Snobs_hist.png>
Plottwo included the files Plots/r_1e6/Sdmag.png Plots/r_1e6/Sdamg_hist.png
File: Plots/r_1e6/Sdmag.png Graphic file (type png)
<use Plots/r_1e6/Sdmag.png>
File: Plots/r_1e6/Sdamg_hist.png Graphic file (type png)
 <use Plots/r_1e6/Sdamg_hist.png>
Plottwo included the files Plots/r_1e6/Srepeat_IQR.png Plots/r_1e6/Srepeat_IQR_
bright_hist.png
<Plots/r_1e6/Srepeat_IQR.png, id=103, 578.16pt x 433.62pt>
File: Plots/r_1e6/Srepeat_IQR.png Graphic file (type png)

<use Plots/r_1e6/Srepeat_IQR.png>
<Plots/r_1e6/Srepeat_IQR_bright_hist.png, id=104, 578.16pt x 433.62pt>
File: Plots/r_1e6/Srepeat_IQR_bright_hist.png Graphic file (type png)

<use Plots/r_1e6/Srepeat_IQR_bright_hist.png>
Plottwo included the files Plots/u_1e6_neg15/Snobs.png Plots/u_1e6_neg15/Snobs_
hist.png
<Plots/u_1e6_neg15/Snobs.png, id=105, 578.16pt x 433.62pt>
File: Plots/u_1e6_neg15/Snobs.png Graphic file (type png)

<use Plots/u_1e6_neg15/Snobs.png>
<Plots/u_1e6_neg15/Snobs_hist.png, id=106, 578.16pt x 433.62pt>
File: Plots/u_1e6_neg15/Snobs_hist.png Graphic file (type png)

<use Plots/u_1e6_neg15/Snobs_hist.png>
Plottwo included the files Plots/u_1e6_neg15/Sdmag.png Plots/u_1e6_neg15/Sdamg_
hist.png
<Plots/u_1e6_neg15/Sdmag.png, id=107, 578.16pt x 433.62pt>
File: Plots/u_1e6_neg15/Sdmag.png Graphic file (type png)

<use Plots/u_1e6_neg15/Sdmag.png>
<Plots/u_1e6_neg15/Sdamg_hist.png, id=108, 578.16pt x 433.62pt>
File: Plots/u_1e6_neg15/Sdamg_hist.png Graphic file (type png)

<use Plots/u_1e6_neg15/Sdamg_hist.png>
Plottwo included the files Plots/u_1e6_neg15/Srepeat_IQR.png Plots/u_1e6_neg15/
Srepeat_IQR_bright_hist.png
<Plots/u_1e6_neg15/Srepeat_IQR.png, id=109, 578.16pt x 433.62pt>
File: Plots/u_1e6_neg15/Srepeat_IQR.png Graphic file (type png)

<use Plots/u_1e6_neg15/Srepeat_IQR.png>
<Plots/u_1e6_neg15/Srepeat_IQR_bright_hist.png, id=110, 578.16pt x 433.62pt>
File: Plots/u_1e6_neg15/Srepeat_IQR_bright_hist.png Graphic file (type png)

<use Plots/u_1e6_neg15/Srepeat_IQR_bright_hist.png>
Plottwo included the files Plots/g_1e6/Snobs.png Plots/g_1e6/Snobs_hist.png
<Plots/g_1e6/Snobs.png, id=111, 578.16pt x 433.62pt>
File: Plots/g_1e6/Snobs.png Graphic file (type png)

<use Plots/g_1e6/Snobs.png>
<Plots/g_1e6/Snobs_hist.png, id=112, 578.16pt x 433.62pt>
File: Plots/g_1e6/Snobs_hist.png Graphic file (type png)

<use Plots/g_1e6/Snobs_hist.png>
Plottwo included the files Plots/g_1e6/Sdmag.png Plots/g_1e6/Sdamg_hist.png
<Plots/g_1e6/Sdmag.png, id=113, 578.16pt x 433.62pt>
File: Plots/g_1e6/Sdmag.png Graphic file (type png)

<use Plots/g_1e6/Sdmag.png>
<Plots/g_1e6/Sdamg_hist.png, id=114, 578.16pt x 433.62pt>
File: Plots/g_1e6/Sdamg_hist.png Graphic file (type png)

<use Plots/g_1e6/Sdamg_hist.png>
Plottwo included the files Plots/g_1e6/Srepeat_IQR.png Plots/g_1e6/Srepeat_IQR_
bright_hist.png
<Plots/g_1e6/Srepeat_IQR.png, id=115, 578.16pt x 433.62pt>
File: Plots/g_1e6/Srepeat_IQR.png Graphic file (type png)

<use Plots/g_1e6/Srepeat_IQR.png>
<Plots/g_1e6/Srepeat_IQR_bright_hist.png, id=116, 578.16pt x 433.62pt>
File: Plots/g_1e6/Srepeat_IQR_bright_hist.png Graphic file (type png)

<use Plots/g_1e6/Srepeat_IQR_bright_hist.png>
Plottwo included the files Plots/i_1e6/Snobs.png Plots/i_1e6/Snobs_hist.png
<Plots/i_1e6/Snobs.png, id=117, 578.16pt x 433.62pt>
File: Plots/i_1e6/Snobs.png Graphic file (type png)

<use Plots/i_1e6/Snobs.png>
<Plots/i_1e6/Snobs_hist.png, id=118, 578.16pt x 433.62pt>
File: Plots/i_1e6/Snobs_hist.png Graphic file (type png)

<use Plots/i_1e6/Snobs_hist.png>
Plottwo included the files Plots/i_1e6/Sdmag.png Plots/i_1e6/Sdamg_hist.png
<Plots/i_1e6/Sdmag.png, id=119, 578.16pt x 433.62pt>
File: Plots/i_1e6/Sdmag.png Graphic file (type png)

<use Plots/i_1e6/Sdmag.png>
<Plots/i_1e6/Sdamg_hist.png, id=120, 578.16pt x 433.62pt>
File: Plots/i_1e6/Sdamg_hist.png Graphic file (type png)

<use Plots/i_1e6/Sdamg_hist.png>
Plottwo included the files Plots/i_1e6/Srepeat_IQR.png Plots/i_1e6/Srepeat_IQR_
bright_hist.png
<Plots/i_1e6/Srepeat_IQR.png, id=121, 578.16pt x 433.62pt>
File: Plots/i_1e6/Srepeat_IQR.png Graphic file (type png)

<use Plots/i_1e6/Srepeat_IQR.png>
<Plots/i_1e6/Srepeat_IQR_bright_hist.png, id=122, 578.16pt x 433.62pt>
File: Plots/i_1e6/Srepeat_IQR_bright_hist.png Graphic file (type png)

<use Plots/i_1e6/Srepeat_IQR_bright_hist.png>
Plottwo included the files Plots/z_1e6/Snobs.png Plots/z_1e6/Snobs_hist.png
<Plots/z_1e6/Snobs.png, id=123, 578.16pt x 433.62pt>
File: Plots/z_1e6/Snobs.png Graphic file (type png)

<use Plots/z_1e6/Snobs.png>
<Plots/z_1e6/Snobs_hist.png, id=124, 578.16pt x 433.62pt>
File: Plots/z_1e6/Snobs_hist.png Graphic file (type png)

<use Plots/z_1e6/Snobs_hist.png>
Plottwo included the files Plots/z_1e6/Sdmag.png Plots/z_1e6/Sdamg_hist.png
<Plots/z_1e6/Sdmag.png, id=125, 578.16pt x 433.62pt>
File: Plots/z_1e6/Sdmag.png Graphic file (type png)

<use Plots/z_1e6/Sdmag.png>
<Plots/z_1e6/Sdamg_hist.png, id=126, 578.16pt x 433.62pt>
File: Plots/z_1e6/Sdamg_hist.png Graphic file (type png)

<use Plots/z_1e6/Sdamg_hist.png>
Plottwo included the files Plots/z_1e6/Srepeat_IQR.png Plots/z_1e6/Srepeat_IQR_
bright_hist.png
<Plots/z_1e6/Srepeat_IQR.png, id=127, 578.16pt x 433.62pt>
File: Plots/z_1e6/Srepeat_IQR.png Graphic file (type png)

<use Plots/z_1e6/Srepeat_IQR.png>
<Plots/z_1e6/Srepeat_IQR_bright_hist.png, id=128, 578.16pt x 433.62pt>
File: Plots/z_1e6/Srepeat_IQR_bright_hist.png Graphic file (type png)

<use Plots/z_1e6/Srepeat_IQR_bright_hist.png>
Plottwo included the files Plots/y_1e6/Snobs.png Plots/y_1e6/Snobs_hist.png
<Plots/y_1e6/Snobs.png, id=129, 578.16pt x 433.62pt>
File: Plots/y_1e6/Snobs.png Graphic file (type png)

<use Plots/y_1e6/Snobs.png>
<Plots/y_1e6/Snobs_hist.png, id=130, 578.16pt x 433.62pt>
File: Plots/y_1e6/Snobs_hist.png Graphic file (type png)

<use Plots/y_1e6/Snobs_hist.png>
Plottwo included the files Plots/y_1e6/Sdmag.png Plots/y_1e6/Sdamg_hist.png
<Plots/y_1e6/Sdmag.png, id=131, 578.16pt x 433.62pt>
File: Plots/y_1e6/Sdmag.png Graphic file (type png)

<use Plots/y_1e6/Sdmag.png>
<Plots/y_1e6/Sdamg_hist.png, id=132, 578.16pt x 433.62pt>
File: Plots/y_1e6/Sdamg_hist.png Graphic file (type png)

<use Plots/y_1e6/Sdamg_hist.png>
Plottwo included the files Plots/y_1e6/Srepeat_IQR.png Plots/y_1e6/Srepeat_IQR_
bright_hist.png
<Plots/y_1e6/Srepeat_IQR.png, id=133, 578.16pt x 433.62pt>
File: Plots/y_1e6/Srepeat_IQR.png Graphic file (type png)

<use Plots/y_1e6/Srepeat_IQR.png>
<Plots/y_1e6/Srepeat_IQR_bright_hist.png, id=134, 578.16pt x 433.62pt>
File: Plots/y_1e6/Srepeat_IQR_bright_hist.png Graphic file (type png)

<use Plots/y_1e6/Srepeat_IQR_bright_hist.png>
Plottwo included the files Plots/r_1e6/repeat_examples_hist.png Plots/r_1e6/rep
eat_examples_cdf.png
<Plots/r_1e6/repeat_examples_hist.png, id=135, 578.16pt x 433.62pt>
File: Plots/r_1e6/repeat_examples_hist.png Graphic file (type png)

<use Plots/r_1e6/repeat_examples_hist.png>
<Plots/r_1e6/repeat_examples_cdf.png, id=136, 578.16pt x 433.62pt>
File: Plots/r_1e6/repeat_examples_cdf.png Graphic file (type png)

<use Plots/r_1e6/repeat_examples_cdf.png>
Plottwo included the files Plots/r_1e6/Sdmag.png Plots/r_1e6_newseed/Sdmag.png
File: Plots/r_1e6/Sdmag.png Graphic file (type png)
<use Plots/r_1e6/Sdmag.png>
<Plots/r_1e6_newseed/Sdmag.png, id=137, 578.16pt x 433.62pt>
File: Plots/r_1e6_newseed/Sdmag.png Graphic file (type png)

<use Plots/r_1e6_newseed/Sdmag.png>
Plottwo included the files Plots/r_1e6/Sdamg_hist.png Plots/r_1e6_newseed/Sdamg
_hist.png
File: Plots/r_1e6/Sdamg_hist.png Graphic file (type png)
<use Plots/r_1e6/Sdamg_hist.png>
<Plots/r_1e6_newseed/Sdamg_hist.png, id=138, 578.16pt x 433.62pt>
File: Plots/r_1e6_newseed/Sdamg_hist.png Graphic file (type png)

<use Plots/r_1e6_newseed/Sdamg_hist.png>
Plottwo included the files Plots/r_1e6/Srepeat_IQR_bright_hist.png Plots/r_1e6_
newseed/Srepeat_IQR_bright_hist.png
File: Plots/r_1e6/Srepeat_IQR_bright_hist.png Graphic file (type png)
<use Plots/r_1e6/Srepeat_IQR_bright_hist.png>
<Plots/r_1e6_newseed/Srepeat_IQR_bright_hist.png, id=139, 578.16pt x 433.62pt>
File: Plots/r_1e6_newseed/Srepeat_IQR_bright_hist.png Graphic file (type png)

<use Plots/r_1e6_newseed/Srepeat_IQR_bright_hist.png>
Plottwo included the files Plots/r_hd_test/Snobs.png Plots/r_hd_test/Snobs_hist
.png
<Plots/r_hd_test/Snobs.png, id=140, 578.16pt x 433.62pt>
File: Plots/r_hd_test/Snobs.png Graphic file (type png)

<use Plots/r_hd_test/Snobs.png>
<Plots/r_hd_test/Snobs_hist.png, id=141, 578.16pt x 433.62pt>
File: Plots/r_hd_test/Snobs_hist.png Graphic file (type png)

<use Plots/r_hd_test/Snobs_hist.png>
Plottwo included the files Plots/r_hd_test/Sdmag.png Plots/r_hd_test/Sdamg_hist
.png
<Plots/r_hd_test/Sdmag.png, id=142, 578.16pt x 433.62pt>
File: Plots/r_hd_test/Sdmag.png Graphic file (type png)

<use Plots/r_hd_test/Sdmag.png>
<Plots/r_hd_test/Sdamg_hist.png, id=143, 578.16pt x 433.62pt>
File: Plots/r_hd_test/Sdamg_hist.png Graphic file (type png)

<use Plots/r_hd_test/Sdamg_hist.png>
Plottwo included the files Plots/r_hd_test/Srepeat_IQR.png Plots/r_hd_test/Srep
eat_IQR_bright_hist.png
<Plots/r_hd_test/Srepeat_IQR.png, id=144, 578.16pt x 433.62pt>
File: Plots/r_hd_test/Srepeat_IQR.png Graphic file (type png)

<use Plots/r_hd_test/Srepeat_IQR.png>
<Plots/r_hd_test/Srepeat_IQR_bright_hist.png, id=145, 578.16pt x 433.62pt>
File: Plots/r_hd_test/Srepeat_IQR_bright_hist.png Graphic file (type png)

<use Plots/r_hd_test/Srepeat_IQR_bright_hist.png>
Plottwo included the files Plots/25mil/Snobs.png Plots/25mil/Snobs_hist.png
<Plots/25mil/Snobs.png, id=146, 578.16pt x 433.62pt>
File: Plots/25mil/Snobs.png Graphic file (type png)

<use Plots/25mil/Snobs.png>
<Plots/25mil/Snobs_hist.png, id=147, 578.16pt x 433.62pt>
File: Plots/25mil/Snobs_hist.png Graphic file (type png)

<use Plots/25mil/Snobs_hist.png>
Plottwo included the files Plots/25mil/Sdmag.png Plots/25mil/Sdamg_hist.png
<Plots/25mil/Sdmag.png, id=148, 578.16pt x 433.62pt>
File: Plots/25mil/Sdmag.png Graphic file (type png)

<use Plots/25mil/Sdmag.png>
<Plots/25mil/Sdamg_hist.png, id=149, 578.16pt x 433.62pt>
File: Plots/25mil/Sdamg_hist.png Graphic file (type png)

<use Plots/25mil/Sdamg_hist.png>
Plottwo included the files Plots/25mil/Srepeat_IQR.png Plots/25mil/Srepeat_IQR_
bright_hist.png
<Plots/25mil/Srepeat_IQR.png, id=150, 578.16pt x 433.62pt>
File: Plots/25mil/Srepeat_IQR.png Graphic file (type png)

<use Plots/25mil/Srepeat_IQR.png>
<Plots/25mil/Srepeat_IQR_bright_hist.png, id=151, 578.16pt x 433.62pt>
File: Plots/25mil/Srepeat_IQR_bright_hist.png Graphic file (type png)

<use Plots/25mil/Srepeat_IQR_bright_hist.png>
Plotone included the file Plots/r_1e6_1yr/Snobs.png
<Plots/r_1e6_1yr/Snobs.png, id=152, 578.16pt x 433.62pt>
File: Plots/r_1e6_1yr/Snobs.png Graphic file (type png)

<use Plots/r_1e6_1yr/Snobs.png>
Plotone included the file Plots/r_1e6_1yr/Sdmag.png
<Plots/r_1e6_1yr/Sdmag.png, id=153, 578.16pt x 433.62pt>
File: Plots/r_1e6_1yr/Sdmag.png Graphic file (type png)

<use Plots/r_1e6_1yr/Sdmag.png>
Plotone included the file Plots/r_1e6_1yr/Sdamg_hist.png
<Plots/r_1e6_1yr/Sdamg_hist.png, id=154, 578.16pt x 433.62pt>
File: Plots/r_1e6_1yr/Sdamg_hist.png Graphic file (type png)

<use Plots/r_1e6_1yr/Sdamg_hist.png>
Plotone included the file Plots/r_1e6/Snobs.png
File: Plots/r_1e6/Snobs.png Graphic file (type png)
<use Plots/r_1e6/Snobs.png>
Plotone included the file Plots/r_1e6/Sdmag.png
File: Plots/r_1e6/Sdmag.png Graphic file (type png)
<use Plots/r_1e6/Sdmag.png>
Plotone included the file Plots/r_1e6/Sdamg_hist.png
File: Plots/r_1e6/Sdamg_hist.png Graphic file (type png)
<use Plots/r_1e6/Sdamg_hist.png>
Plotone included the file Plots/r_1e6_5yr/Snobs.png
<Plots/r_1e6_5yr/Snobs.png, id=155, 578.16pt x 433.62pt>
File: Plots/r_1e6_5yr/Snobs.png Graphic file (type png)

<use Plots/r_1e6_5yr/Snobs.png>
Plotone included the file Plots/r_1e6_5yr/Sdmag.png
<Plots/r_1e6_5yr/Sdmag.png, id=156, 578.16pt x 433.62pt>
File: Plots/r_1e6_5yr/Sdmag.png Graphic file (type png)

<use Plots/r_1e6_5yr/Sdmag.png>
Plotone included the file Plots/r_1e6_5yr/Sdamg_hist.png
<Plots/r_1e6_5yr/Sdamg_hist.png, id=157, 578.16pt x 433.62pt>
File: Plots/r_1e6_5yr/Sdamg_hist.png Graphic file (type png)

<use Plots/r_1e6_5yr/Sdamg_hist.png>
Plotone included the file Plots/r_1e6_10yr/Snobs.png
<Plots/r_1e6_10yr/Snobs.png, id=158, 578.16pt x 433.62pt>
File: Plots/r_1e6_10yr/Snobs.png Graphic file (type png)

<use Plots/r_1e6_10yr/Snobs.png>
Plotone included the file Plots/r_1e6_10yr/Sdmag.png
<Plots/r_1e6_10yr/Sdmag.png, id=159, 578.16pt x 433.62pt>
File: Plots/r_1e6_10yr/Sdmag.png Graphic file (type png)

<use Plots/r_1e6_10yr/Sdmag.png>
Plotone included the file Plots/r_1e6_10yr/Sdamg_hist.png
<Plots/r_1e6_10yr/Sdamg_hist.png, id=160, 578.16pt x 433.62pt>
File: Plots/r_1e6_10yr/Sdamg_hist.png Graphic file (type png)

<use Plots/r_1e6_10yr/Sdamg_hist.png> [15] [16 <./Plots/r_1e6/Snobs_hist.png> <
./Plots/r_1e6/Srepeat_IQR.png> <./Plots/r_1e6/Srepeat_IQR_bright_hist.png>]
[17 <./Plots/u_1e6_neg15/Snobs.png> <./Plots/u_1e6_neg15/Snobs_hist.png> <./Plo
ts/u_1e6_neg15/Sdmag.png> <./Plots/u_1e6_neg15/Sdamg_hist.png> <./Plots/u_1e6_n
eg15/Srepeat_IQR.png> <./Plots/u_1e6_neg15/Srepeat_IQR_bright_hist.png>]
[18 <./Plots/g_1e6/Snobs.png> <./Plots/g_1e6/Snobs_hist.png> <./Plots/g_1e6/Sdm
ag.png> <./Plots/g_1e6/Sdamg_hist.png> <./Plots/g_1e6/Srepeat_IQR.png> <./Plots
/g_1e6/Srepeat_IQR_bright_hist.png>] [19 <./Plots/i_1e6/Snobs.png> <./Plots/i_1
e6/Snobs_hist.png> <./Plots/i_1e6/Sdmag.png> <./Plots/i_1e6/Sdamg_hist.png> <./
Plots/i_1e6/Srepeat_IQR.png> <./Plots/i_1e6/Srepeat_IQR_bright_hist.png>]
[20 <./Plots/z_1e6/Snobs.png> <./Plots/z_1e6/Snobs_hist.png> <./Plots/z_1e6/Sdm
ag.png> <./Plots/z_1e6/Sdamg_hist.png> <./Plots/z_1e6/Srepeat_IQR.png> <./Plots
/z_1e6/Srepeat_IQR_bright_hist.png>] [21 <./Plots/y_1e6/Snobs.png> <./Plots/y_1
e6/Snobs_hist.png> <./Plots/y_1e6/Sdmag.png> <./Plots/y_1e6/Sdamg_hist.png> <./
Plots/y_1e6/Srepeat_IQR.png> <./Plots/y_1e6/Srepeat_IQR_bright_hist.png>]
[22 <./Plots/r_1e6/repeat_examples_hist.png> <./Plots/r_1e6/repeat_examples_cdf
.png>] [23 <./Plots/r_1e6_newseed/Sdmag.png> <./Plots/r_1e6_newseed/Sdamg_hist.
png> <./Plots/r_1e6_newseed/Srepeat_IQR_bright_hist.png>] [24 <./Plots/r_hd_tes
t/Snobs.png> <./Plots/r_hd_test/Snobs_hist.png> <./Plots/r_hd_test/Sdmag.png> <
./Plots/r_hd_test/Sdamg_hist.png> <./Plots/r_hd_test/Srepeat_IQR.png> <./Plots/
r_hd_test/Srepeat_IQR_bright_hist.png>] [25 <./Plots/25mil/Snobs.png> <./Plots/
25mil/Snobs_hist.png> <./Plots/25mil/Sdmag.png> <./Plots/25mil/Sdamg_hist.png> 
<./Plots/25mil/Srepeat_IQR.png> <./Plots/25mil/Srepeat_IQR_bright_hist.png>]
[26 <./Plots/r_1e6_1yr/Snobs.png> <./Plots/r_1e6_1yr/Sdmag.png> <./Plots/r_1e6_
1yr/Sdamg_hist.png> <./Plots/r_1e6_5yr/Snobs.png> <./Plots/r_1e6_5yr/Sdmag.png>
 <./Plots/r_1e6_5yr/Sdamg_hist.png> <./Plots/r_1e6_10yr/Snobs.png> <./Plots/r_1
e6_10yr/Sdmag.png> <./Plots/r_1e6_10yr/Sdamg_hist.png>]
Plottwo included the files Plots/flux_color/coloru_g.png Plots/flux_color/map_c
oloru_g.png
<Plots/flux_color/coloru_g.png, id=199, 578.16pt x 433.62pt>
File: Plots/flux_color/coloru_g.png Graphic file (type png)

<use Plots/flux_color/coloru_g.png>
<Plots/flux_color/map_coloru_g.png, id=200, 578.16pt x 433.62pt>
File: Plots/flux_color/map_coloru_g.png Graphic file (type png)

<use Plots/flux_color/map_coloru_g.png>
Plottwo included the files Plots/flux_color/colorg_r.png Plots/flux_color/map_c
olorg_r.png
<Plots/flux_color/colorg_r.png, id=201, 578.16pt x 433.62pt>
File: Plots/flux_color/colorg_r.png Graphic file (type png)

<use Plots/flux_color/colorg_r.png>
<Plots/flux_color/map_colorg_r.png, id=202, 578.16pt x 433.62pt>
File: Plots/flux_color/map_colorg_r.png Graphic file (type png)

<use Plots/flux_color/map_colorg_r.png>
Plottwo included the files Plots/flux_color/colorr_i.png Plots/flux_color/map_c
olorr_i.png
<Plots/flux_color/colorr_i.png, id=203, 578.16pt x 433.62pt>
File: Plots/flux_color/colorr_i.png Graphic file (type png)

<use Plots/flux_color/colorr_i.png>
<Plots/flux_color/map_colorr_i.png, id=204, 578.16pt x 433.62pt>
File: Plots/flux_color/map_colorr_i.png Graphic file (type png)

<use Plots/flux_color/map_colorr_i.png>
Plottwo included the files Plots/flux_color/colori_z.png Plots/flux_color/map_c
olori_z.png
<Plots/flux_color/colori_z.png, id=205, 578.16pt x 433.62pt>
File: Plots/flux_color/colori_z.png Graphic file (type png)

<use Plots/flux_color/colori_z.png>
<Plots/flux_color/map_colori_z.png, id=206, 578.16pt x 433.62pt>
File: Plots/flux_color/map_colori_z.png Graphic file (type png)

<use Plots/flux_color/map_colori_z.png>
Underfull \hbox (badness 10000) in paragraph at lines 547--553

 []

Plottwo included the files Plots/mag_recover/20per_results/Sdmag.png Plots/mag_
recover/80per_results/Sdmag.png
<Plots/mag_recover/20per_results/Sdmag.png, id=207, 578.16pt x 433.62pt>
File: Plots/mag_recover/20per_results/Sdmag.png Graphic file (type png)

<use Plots/mag_recover/20per_results/Sdmag.png>
<Plots/mag_recover/80per_results/Sdmag.png, id=208, 578.16pt x 433.62pt>
File: Plots/mag_recover/80per_results/Sdmag.png Graphic file (type png)

<use Plots/mag_recover/80per_results/Sdmag.png>
Plottwo included the files Plots/mag_recover/20per_results/Sdamg_hist.png Plots
/mag_recover/80per_results/Sdamg_hist.png
<Plots/mag_recover/20per_results/Sdamg_hist.png, id=209, 578.16pt x 433.62pt>
File: Plots/mag_recover/20per_results/Sdamg_hist.png Graphic file (type png)

<use Plots/mag_recover/20per_results/Sdamg_hist.png>
<Plots/mag_recover/80per_results/Sdamg_hist.png, id=210, 578.16pt x 433.62pt>
File: Plots/mag_recover/80per_results/Sdamg_hist.png Graphic file (type png)

<use Plots/mag_recover/80per_results/Sdamg_hist.png>
Plottwo included the files Plots/mag_recover/20per_results/Srepeat_IQR_bright_h
ist.png Plots/mag_recover/80per_results/Srepeat_IQR_bright_hist.png

<Plots/mag_recover/20per_results/Srepeat_IQR_bright_hist.png, id=211, 578.16pt 
x 433.62pt>
File: Plots/mag_recover/20per_results/Srepeat_IQR_bright_hist.png Graphic file 
(type png)
 <use Plots/mag_recover/20per_results/Srepeat_IQR_bright_hist.png>
<Plots/mag_recover/80per_results/Srepeat_IQR_bright_hist.png, id=212, 578.16pt 
x 433.62pt>
File: Plots/mag_recover/80per_results/Srepeat_IQR_bright_hist.png Graphic file 
(type png)
 <use Plots/mag_recover/80per_results/Srepeat_IQR_bright_hist.png>
Plottwo included the files Plots/u_1e6_neg15/Saccuracyvcolor.png Plots/u_1e6_mo
reghost_small/Saccuracyvcolor_mod.png
<Plots/u_1e6_neg15/Saccuracyvcolor.png, id=213, 578.16pt x 433.62pt>
File: Plots/u_1e6_neg15/Saccuracyvcolor.png Graphic file (type png)

<use Plots/u_1e6_neg15/Saccuracyvcolor.png>
<Plots/u_1e6_moreghost_small/Saccuracyvcolor_mod.png, id=214, 578.16pt x 433.62
pt>
File: Plots/u_1e6_moreghost_small/Saccuracyvcolor_mod.png Graphic file (type pn
g)
 <use Plots/u_1e6_moreghost_small/Saccuracyvcolor_mod.png> [27] [28 <./Plots/fl
ux_color/coloru_g.png> <./Plots/flux_color/map_coloru_g.png> <./Plots/flux_colo
r/colorg_r.png> <./Plots/flux_color/map_colorg_r.png> <./Plots/flux_color/color
r_i.png> <./Plots/flux_color/map_colorr_i.png> <./Plots/flux_color/colori_z.png
> <./Plots/flux_color/map_colori_z.png>] [29 <./Plots/mag_recover/20per_results
/Sdmag.png> <./Plots/mag_recover/80per_results/Sdmag.png> <./Plots/mag_recover/
20per_results/Sdamg_hist.png> <./Plots/mag_recover/80per_results/Sdamg_hist.png
> <./Plots/mag_recover/20per_results/Srepeat_IQR_bright_hist.png> <./Plots/mag_
recover/80per_results/Srepeat_IQR_bright_hist.png>] (./scUpdate.bbl)
[30] [31] [32 <./Plots/u_1e6_neg15/Saccuracyvcolor.png> <./Plots/u_1e6_moreghos
t_small/Saccuracyvcolor_mod.png>] (./scUpdate.aux) ) 
Here is how much of TeX's memory you used:
 2753 strings out of 94500
 40870 string characters out of 1176766
 86778 words of memory out of 1000000
 5862 multiletter control sequences out of 10000+50000
 11888 words of font info for 50 fonts, out of 500000 for 2000
 580 hyphenation exceptions out of 1000
 32i,8n,26p,1128b,270s stack positions out of 1500i,500n,5000p,200000b,5000s
PDF statistics:
 233 PDF objects out of 300000
 0 named destinations out of 131072
 461 words of extra memory for PDF output out of 65536
</usr/share/texmf/fonts/typ
e1/bluesky/cm/cmr6.pfb></usr/share/texmf/fonts/type1/bluesky/cm/cmsy8.pfb></usr
/share/texmf/fonts/type1/bluesky/cm/cmmi6.pfb></usr/share/texmf/fonts/type1/blu
esky/cm/cmex10.pfb></usr/share/texmf/fonts/type1/bluesky/cm/cmmi8.pfb></usr/sha
re/texmf/fonts/type1/bluesky/cm/cmti12.pfb></usr/share/texmf/fonts/type1/bluesk
y/cm/cmr10.pfb></usr/share/texmf/fonts/type1/bluesky/cm/cmr7.pfb></usr/share/te
xmf/fonts/type1/bluesky/cm/cmmi12.pfb></usr/share/texmf/fonts/type1/bluesky/cm/
cmr8.pfb></usr/share/texmf/fonts/type1/bluesky/cm/cmsy10.pfb></usr/share/texmf/
fonts/type1/bluesky/cm/cmr12.pfb></usr/share/texmf/fonts/type1/bluesky/cm/cmbx1
2.pfb>
Output written on scUpdate.pdf (32 pages, 11512992 bytes).
